<?xml version="1.0" encoding="UTF-8"?>
<!-- Generated by org.testng.reporters.JUnitReportReporter -->
<testsuite hostname="manishs-MacBook-Air.local" failures="0" tests="2" name="TestAPIs.GETCall" time="0.174" errors="0" timestamp="2 Mar 2021 08:41:12 GMT">
  <testcase classname="TestAPIs.GETCall" name="POSTTest" time="0.098"/>
  <testcase classname="TestAPIs.GETCall" name="getcalltest" time="0.076"/>
</testsuite> <!-- TestAPIs.GETCall -->
