<?xml version="1.0" encoding="UTF-8"?>
<!-- Generated by org.testng.reporters.JUnitReportReporter -->
<testsuite hostname="manishs-MacBook-Air.local" failures="0" tests="2" name="TestAPIs.GETCall" time="0.763" errors="0" timestamp="1 Mar 2021 15:22:43 GMT">
  <testcase classname="TestAPIs.GETCall" name="getcalltest" time="0.239"/>
  <testcase classname="TestAPIs.GETCall" name="POSTTest" time="0.524"/>
</testsuite> <!-- TestAPIs.GETCall -->
