<?xml version="1.0" encoding="UTF-8"?>
<!-- Generated by org.testng.reporters.JUnitReportReporter -->
<testsuite hostname="manishs-MacBook-Air.local" failures="0" tests="4" name="TestAPIs.POST_Tests" time="0.752" errors="0" timestamp="6 Mar 2021 05:48:54 GMT">
  <testcase classname="TestAPIs.POST_Tests" name="postdata" time="0.095"/>
  <testcase classname="TestAPIs.POST_Tests" name="postdata" time="0.076"/>
  <testcase classname="TestAPIs.POST_Tests" name="postdata" time="0.510"/>
  <testcase classname="TestAPIs.POST_Tests" name="getRecords" time="0.071"/>
</testsuite> <!-- TestAPIs.POST_Tests -->
