<?xml version="1.0" encoding="UTF-8"?>
<!-- Generated by org.testng.reporters.JUnitReportReporter -->
<testsuite hostname="manishs-MacBook-Air.local" failures="0" tests="4" name="TestAPIs.POST_Tests" time="0.399" errors="0" timestamp="2 Mar 2021 08:41:12 GMT">
  <testcase classname="TestAPIs.POST_Tests" name="postdata" time="0.041"/>
  <testcase classname="TestAPIs.POST_Tests" name="getRecords" time="0.045"/>
  <testcase classname="TestAPIs.POST_Tests" name="postdata" time="0.269"/>
  <testcase classname="TestAPIs.POST_Tests" name="postdata" time="0.044"/>
</testsuite> <!-- TestAPIs.POST_Tests -->
