<?xml version="1.0" encoding="UTF-8"?>
<!-- Generated by org.testng.reporters.JUnitReportReporter -->
<testsuite hostname="manishs-MacBook-Air.local" failures="0" tests="2" name="TestAPIs.GETCall" time="0.129" errors="0" timestamp="1 Mar 2021 15:29:14 GMT">
  <testcase classname="TestAPIs.GETCall" name="getcalltest" time="0.060"/>
  <testcase classname="TestAPIs.GETCall" name="POSTTest" time="0.069"/>
</testsuite> <!-- TestAPIs.GETCall -->
