<?xml version="1.0" encoding="UTF-8"?>
<!-- Generated by org.testng.reporters.JUnitReportReporter -->
<testsuite hostname="manishs-MacBook-Air.local" failures="0" tests="2" name="Validate_Complex_Response_Body" time="2.230" errors="0" timestamp="23 Mar 2021 16:06:41 GMT">
  <testcase classname="Validate_Complex_Response_Body" name="MultipleResponse" time="1.500"/>
  <testcase classname="Validate_Complex_Response_Body" name="SingleResponseBody" time="0.730"/>
</testsuite> <!-- Validate_Complex_Response_Body -->
