<?xml version="1.0" encoding="UTF-8"?>
<!-- Generated by org.testng.reporters.JUnitReportReporter -->
<testsuite hostname="manishs-MacBook-Air.local" failures="0" tests="6" name="TestAPIs.TestNG_DataProvider" time="2.675" errors="0" timestamp="1 Mar 2021 15:22:43 GMT">
  <testcase classname="TestAPIs.TestNG_DataProvider" name="POSTExample2" time="0.395"/>
  <testcase classname="TestAPIs.TestNG_DataProvider" name="POSTExample1" time="0.467"/>
  <testcase classname="TestAPIs.TestNG_DataProvider" name="POSTExample2" time="0.384"/>
  <testcase classname="TestAPIs.TestNG_DataProvider" name="POSTExample2" time="0.467"/>
  <testcase classname="TestAPIs.TestNG_DataProvider" name="POSTExample2" time="0.507"/>
  <testcase classname="TestAPIs.TestNG_DataProvider" name="POSTExample2" time="0.455"/>
</testsuite> <!-- TestAPIs.TestNG_DataProvider -->
