<?xml version="1.0" encoding="UTF-8"?>
<!-- Generated by org.testng.reporters.JUnitReportReporter -->
<testsuite hostname="manishs-MacBook-Air.local" failures="0" tests="2" name="TestAPIs.GETCall" time="2.655" errors="0" timestamp="26 Feb 2021 10:58:06 GMT">
  <testcase classname="TestAPIs.GETCall" name="POSTTest" time="2.210"/>
  <testcase classname="TestAPIs.GETCall" name="getcalltest" time="0.445"/>
</testsuite> <!-- TestAPIs.GETCall -->
