<?xml version="1.0" encoding="UTF-8"?>
<!-- Generated by org.testng.reporters.JUnitReportReporter -->
<testsuite hostname="manishs-MacBook-Air.local" failures="0" tests="6" name="TestAPIs.TestNG_DataProvider" time="4.071" errors="0" timestamp="28 Feb 2021 11:05:28 GMT">
  <testcase classname="TestAPIs.TestNG_DataProvider" name="POSTExample2" time="0.540"/>
  <testcase classname="TestAPIs.TestNG_DataProvider" name="POSTExample2" time="0.382"/>
  <testcase classname="TestAPIs.TestNG_DataProvider" name="POSTExample1" time="1.921"/>
  <testcase classname="TestAPIs.TestNG_DataProvider" name="POSTExample2" time="0.484"/>
  <testcase classname="TestAPIs.TestNG_DataProvider" name="POSTExample2" time="0.508"/>
  <testcase classname="TestAPIs.TestNG_DataProvider" name="POSTExample2" time="0.236"/>
</testsuite> <!-- TestAPIs.TestNG_DataProvider -->
