<?xml version="1.0" encoding="UTF-8"?>
<!-- Generated by org.testng.reporters.JUnitReportReporter -->
<testsuite hostname="manishs-MacBook-Air.local" failures="0" tests="1" name="POJO" time="2.332" errors="0" timestamp="1 Mar 2021 15:29:14 GMT">
  <testcase classname="POJO" name="POST" time="2.332"/>
</testsuite> <!-- POJO -->
