<?xml version="1.0" encoding="UTF-8"?>
<!-- Generated by org.testng.reporters.JUnitReportReporter -->
<testsuite hostname="manishs-MacBook-Air.local" failures="0" tests="2" name="Runner.TestRunner" time="2.669" errors="0" timestamp="30 Mar 2021 11:39:07 GMT">
  <testcase classname="Runner.TestRunner" name="feature" time="2.645"/>
  <testcase classname="Runner.TestRunner" name="feature" time="0.024"/>
</testsuite> <!-- Runner.TestRunner -->
