<?xml version="1.0" encoding="UTF-8"?>
<!-- Generated by org.testng.reporters.JUnitReportReporter -->
<testsuite hostname="manishs-MacBook-Air.local" failures="0" tests="2" name="TestAPIs.GETCall" time="0.126" errors="0" timestamp="1 Mar 2021 12:43:19 GMT">
  <testcase classname="TestAPIs.GETCall" name="getcalltest" time="0.051"/>
  <testcase classname="TestAPIs.GETCall" name="POSTTest" time="0.075"/>
</testsuite> <!-- TestAPIs.GETCall -->
