<?xml version="1.0" encoding="UTF-8"?>
<!-- Generated by org.testng.reporters.JUnitReportReporter -->
<testsuite hostname="manishs-MacBook-Air.local" failures="0" tests="6" name="TestAPIs.TestNG_DataProvider" time="2.881" errors="0" timestamp="2 Mar 2021 08:41:12 GMT">
  <testcase classname="TestAPIs.TestNG_DataProvider" name="POSTExample2" time="0.526"/>
  <testcase classname="TestAPIs.TestNG_DataProvider" name="POSTExample2" time="0.504"/>
  <testcase classname="TestAPIs.TestNG_DataProvider" name="POSTExample2" time="0.490"/>
  <testcase classname="TestAPIs.TestNG_DataProvider" name="POSTExample2" time="0.511"/>
  <testcase classname="TestAPIs.TestNG_DataProvider" name="POSTExample1" time="0.590"/>
  <testcase classname="TestAPIs.TestNG_DataProvider" name="POSTExample2" time="0.260"/>
</testsuite> <!-- TestAPIs.TestNG_DataProvider -->
