<?xml version="1.0" encoding="UTF-8"?>
<!-- Generated by org.testng.reporters.JUnitReportReporter -->
<testsuite hostname="manishs-MacBook-Air.local" failures="0" tests="2" name="TC1" time="1.683" errors="0" timestamp="23 Mar 2021 16:56:48 GMT">
  <testcase classname="TC1" name="getcalltest" time="1.333"/>
  <testcase classname="TC1" name="TC1" time="0.350"/>
</testsuite> <!-- TC1 -->
