<?xml version="1.0" encoding="UTF-8"?>
<!-- Generated by org.testng.reporters.JUnitReportReporter -->
<testsuite hostname="manishs-MacBook-Air.local" failures="0" tests="6" name="TestAPIs.TestNG_DataProvider" time="11.674" errors="0" timestamp="6 Mar 2021 05:48:54 GMT">
  <testcase classname="TestAPIs.TestNG_DataProvider" name="POSTExample1" time="5.223"/>
  <testcase classname="TestAPIs.TestNG_DataProvider" name="POSTExample2" time="1.260"/>
  <testcase classname="TestAPIs.TestNG_DataProvider" name="POSTExample2" time="0.920"/>
  <testcase classname="TestAPIs.TestNG_DataProvider" name="POSTExample2" time="2.186"/>
  <testcase classname="TestAPIs.TestNG_DataProvider" name="POSTExample2" time="1.171"/>
  <testcase classname="TestAPIs.TestNG_DataProvider" name="POSTExample2" time="0.914"/>
</testsuite> <!-- TestAPIs.TestNG_DataProvider -->
