<?xml version="1.0" encoding="UTF-8"?>
<!-- Generated by org.testng.reporters.JUnitReportReporter -->
<testsuite hostname="manishs-MacBook-Air.local" failures="0" tests="1" name="TestAPIs.GETCall" time="0.066" errors="0" timestamp="10 Mar 2021 10:28:19 GMT">
  <testcase classname="TestAPIs.GETCall" name="getcalltest" time="0.066"/>
</testsuite> <!-- TestAPIs.GETCall -->
