<?xml version="1.0" encoding="UTF-8"?>
<!-- Generated by org.testng.reporters.JUnitReportReporter -->
<testsuite hostname="manishs-MacBook-Air.local" failures="0" tests="2" name="TestAPIs.GETCall" time="2.110" errors="0" timestamp="6 Mar 2021 05:48:54 GMT">
  <testcase classname="TestAPIs.GETCall" name="POSTTest" time="1.637"/>
  <testcase classname="TestAPIs.GETCall" name="getcalltest" time="0.473"/>
</testsuite> <!-- TestAPIs.GETCall -->
