<?xml version="1.0" encoding="UTF-8"?>
<!-- Generated by org.testng.reporters.JUnitReportReporter -->
<testsuite hostname="manishs-MacBook-Air.local" failures="0" tests="6" name="TestAPIs.TestNG_DataProvider" time="2.697" errors="0" timestamp="1 Mar 2021 12:43:19 GMT">
  <testcase classname="TestAPIs.TestNG_DataProvider" name="POSTExample2" time="0.393"/>
  <testcase classname="TestAPIs.TestNG_DataProvider" name="POSTExample1" time="0.431"/>
  <testcase classname="TestAPIs.TestNG_DataProvider" name="POSTExample2" time="0.447"/>
  <testcase classname="TestAPIs.TestNG_DataProvider" name="POSTExample2" time="0.488"/>
  <testcase classname="TestAPIs.TestNG_DataProvider" name="POSTExample2" time="0.377"/>
  <testcase classname="TestAPIs.TestNG_DataProvider" name="POSTExample2" time="0.561"/>
</testsuite> <!-- TestAPIs.TestNG_DataProvider -->
