<?xml version="1.0" encoding="UTF-8"?>
<!-- Generated by org.testng.reporters.JUnitReportReporter -->
<testsuite hostname="manishs-MacBook-Air.local" failures="0" tests="6" name="TestAPIs.TestNG_DataProvider" time="2.630" errors="0" timestamp="1 Mar 2021 15:29:14 GMT">
  <testcase classname="TestAPIs.TestNG_DataProvider" name="POSTExample2" time="0.397"/>
  <testcase classname="TestAPIs.TestNG_DataProvider" name="POSTExample1" time="0.424"/>
  <testcase classname="TestAPIs.TestNG_DataProvider" name="POSTExample2" time="0.418"/>
  <testcase classname="TestAPIs.TestNG_DataProvider" name="POSTExample2" time="0.435"/>
  <testcase classname="TestAPIs.TestNG_DataProvider" name="POSTExample2" time="0.509"/>
  <testcase classname="TestAPIs.TestNG_DataProvider" name="POSTExample2" time="0.447"/>
</testsuite> <!-- TestAPIs.TestNG_DataProvider -->
