<?xml version="1.0" encoding="UTF-8"?>
<!-- Generated by org.testng.reporters.JUnitReportReporter -->
<testsuite hostname="manishs-MacBook-Air.local" failures="0" tests="4" name="TestAPIs.POST_Tests" time="0.378" errors="0" timestamp="1 Mar 2021 15:22:43 GMT">
  <testcase classname="TestAPIs.POST_Tests" name="postdata" time="0.018"/>
  <testcase classname="TestAPIs.POST_Tests" name="getRecords" time="0.041"/>
  <testcase classname="TestAPIs.POST_Tests" name="postdata" time="0.019"/>
  <testcase classname="TestAPIs.POST_Tests" name="postdata" time="0.300"/>
</testsuite> <!-- TestAPIs.POST_Tests -->
