<?xml version="1.0" encoding="UTF-8"?>
<!-- Generated by org.testng.reporters.JUnitReportReporter -->
<testsuite hostname="manishs-MacBook-Air.local" failures="0" tests="6" name="TestAPIs.TestNG_DataProvider" time="4.515" errors="0" timestamp="10 Mar 2021 10:28:19 GMT">
  <testcase classname="TestAPIs.TestNG_DataProvider" name="POSTExample2" time="0.514"/>
  <testcase classname="TestAPIs.TestNG_DataProvider" name="POSTExample1" time="1.988"/>
  <testcase classname="TestAPIs.TestNG_DataProvider" name="POSTExample2" time="0.508"/>
  <testcase classname="TestAPIs.TestNG_DataProvider" name="POSTExample2" time="0.489"/>
  <testcase classname="TestAPIs.TestNG_DataProvider" name="POSTExample2" time="0.508"/>
  <testcase classname="TestAPIs.TestNG_DataProvider" name="POSTExample2" time="0.508"/>
</testsuite> <!-- TestAPIs.TestNG_DataProvider -->
