<?xml version="1.0" encoding="UTF-8"?>
<!-- Generated by org.testng.reporters.JUnitReportReporter -->
<testsuite hostname="manishs-MacBook-Air.local" failures="0" tests="1" name="TestAPIs.GET_Call" time="2.111" errors="0" timestamp="24 Feb 2021 13:51:12 GMT">
  <testcase classname="TestAPIs.GET_Call" name="getcalltest" time="2.111"/>
</testsuite> <!-- TestAPIs.GET_Call -->
