<?xml version="1.0" encoding="UTF-8"?>
<!-- Generated by org.testng.reporters.JUnitReportReporter -->
<testsuite hostname="manishs-MacBook-Air.local" failures="0" tests="1" name="POJO" time="2.019" errors="0" timestamp="28 Feb 2021 16:02:31 GMT">
  <testcase classname="POJO" name="POST" time="2.019"/>
</testsuite> <!-- POJO -->
