<?xml version="1.0" encoding="UTF-8"?>
<!-- Generated by org.testng.reporters.JUnitReportReporter -->
<testsuite hostname="manishs-MacBook-Air.local" failures="0" tests="4" name="TestAPIs.POST_Tests" time="0.274" errors="0" timestamp="1 Mar 2021 12:43:19 GMT">
  <testcase classname="TestAPIs.POST_Tests" name="postdata" time="0.049"/>
  <testcase classname="TestAPIs.POST_Tests" name="getRecords" time="0.020"/>
  <testcase classname="TestAPIs.POST_Tests" name="postdata" time="0.026"/>
  <testcase classname="TestAPIs.POST_Tests" name="postdata" time="0.179"/>
</testsuite> <!-- TestAPIs.POST_Tests -->
