<?xml version="1.0" encoding="UTF-8"?>
<!-- Generated by org.testng.reporters.JUnitReportReporter -->
<testsuite hostname="manishs-MacBook-Air.local" failures="0" tests="4" name="TestAPIs.POST_Tests" time="1.432" errors="0" timestamp="28 Feb 2021 11:00:19 GMT">
  <testcase classname="TestAPIs.POST_Tests" name="postdata" time="0.027"/>
  <testcase classname="TestAPIs.POST_Tests" name="postdata" time="0.025"/>
  <testcase classname="TestAPIs.POST_Tests" name="postdata" time="1.312"/>
  <testcase classname="TestAPIs.POST_Tests" name="getRecords" time="0.068"/>
</testsuite> <!-- TestAPIs.POST_Tests -->
