<?xml version="1.0" encoding="UTF-8"?>
<!-- Generated by org.testng.reporters.JUnitReportReporter -->
<testsuite hostname="manishs-MacBook-Air.local" failures="0" tests="1" name="POJO" time="2.682" errors="0" timestamp="2 Mar 2021 08:41:12 GMT">
  <testcase classname="POJO" name="POST" time="2.682"/>
</testsuite> <!-- POJO -->
