<?xml version="1.0" encoding="UTF-8"?>
<!-- Generated by org.testng.reporters.JUnitReportReporter -->
<testsuite hostname="manishs-MacBook-Air.local" failures="0" tests="3" name="TestAPIs.TestNG_DataProvider" time="1.808" errors="0" timestamp="26 Feb 2021 09:38:12 GMT">
  <testcase classname="TestAPIs.TestNG_DataProvider" name="POSTExample2" time="0.077"/>
  <testcase classname="TestAPIs.TestNG_DataProvider" name="POSTExample1" time="1.618"/>
  <testcase classname="TestAPIs.TestNG_DataProvider" name="POSTExample2" time="0.113"/>
</testsuite> <!-- TestAPIs.TestNG_DataProvider -->
